6set1
13set1
15set1
10set1
9set1
11set2
14set2
1set2
3set2
4set2
7set2
12set2
18set2
17set2
2set2
8set2
16set2
5set2
18unset2
17unset2
8unset2
5unset2
4unset2
2unset2
11unset2
3unset2
16unset2
12unset2
14unset2
Answer is 27
13set1
6set1
15set1
10set1
14set1
11set1
9set2
7set2
4set2
1set2
3set2
12set2
18set2
17set2
2set2
8set2
16set2
5set2
14unset1
18unset2
17unset2
8unset2
5unset2
4unset2
2unset2
3unset2
16unset2
9unset2
12unset2
Answer is 28
6set1
13set1
15set1
10set1
11set1
14set1
9set1
12set2
3set2
4set2
1set2
7set2
17set2
2set2
18set2
8set2
16set2
5set2
9unset1
14unset1
17unset2
18unset2
8unset2
5unset2
4unset2
2unset2
3unset2
16unset2
12unset2
Answer is 28
13set1
6set1
15set1
10set1
11set1
9set1
14set1
12set1
3set2
4set2
7set2
1set2
18set2
17set2
2set2
8set2
16set2
5set2
9unset1
14unset1
12unset1
18unset2
17unset2
8unset2
5unset2
4unset2
2unset2
3unset2
16unset2
Answer is 28
6set1
13set1
15set1
10set1
11set1
9set1
14set1
1set1
3set1
4set2
7set2
12set2
18set2
17set2
2set2
8set2
16set2
5set2
10unset1
9unset1
3unset1
14unset1
17unset2
8unset2
5unset2
4unset2
2unset2
16unset2
12unset2
Answer is 30
6set1
13set1
15set1
10set1
11set1
9set1
14set1
12set1
1set1
4set1
7set2
3set2
18set2
17set2
2set2
8set2
16set2
5set2
15unset1
10unset1
9unset1
14unset1
12unset1
17unset2
8unset2
5unset2
2unset2
3unset2
16unset2
Answer is 31
6set1
13set1
15set1
10set1
11set1
9set1
14set1
12set1
3set1
7set1
1set1
4set2
18set2
17set2
2set2
8set2
16set2
5set2
15unset1
10unset1
9unset1
3unset1
14unset1
12unset1
8unset2
5unset2
4unset2
2unset2
16unset2
Answer is 32
6set1
13set1
15set1
10set1
11set1
9set1
14set1
1set1
4set1
12set1
3set1
7set1
18set2
17set2
2set2
8set2
16set2
5set2
4unset1
15unset1
10unset1
9unset1
3unset1
14unset1
12unset1
8unset2
5unset2
2unset2
16unset2
Answer is 32
6set1
13set1
15set1
10set1
11set1
14set1
9set1
7set1
12set1
3set1
4set1
1set1
18set1
17set2
2set2
8set2
16set2
5set2
4unset1
18unset1
15unset1
10unset1
9unset1
3unset1
14unset1
12unset1
5unset2
2unset2
16unset2
Answer is 32
6set1
13set1
15set1
10set1
11set1
14set1
9set1
1set1
12set1
3set1
4set1
7set1
18set1
17set1
2set2
8set2
16set2
5set2
4unset1
18unset1
17unset1
15unset1
10unset1
9unset1
3unset1
14unset1
12unset1
2unset2
16unset2
Answer is 32
6set1
13set1
15set1
10set1
11set1
14set1
9set1
7set1
12set1
3set1
4set1
1set1
17set1
18set1
2set1
8set2
16set2
5set2
4unset1
17unset1
18unset1
15unset1
10unset1
9unset1
3unset1
2unset1
14unset1
12unset1
16unset2
Answer is 32
6set1
13set1
15set1
10set1
11set1
14set1
9set1
1set1
12set1
3set1
4set1
7set1
18set1
17set1
2set1
8set1
16set2
5set2
4unset1
18unset1
17unset1
15unset1
10unset1
9unset1
3unset1
2unset1
8unset1
14unset1
12unset1
Answer is 30
================================================
6set1
13set1
15set1
10set1
11set1
14set1
9set1
7set1
12set1
3set1
4set1
1set2
17set2
18set2
2set2
8set2
16set2
5set2
15unset1
10unset1
9unset1
3unset1
14unset1
12unset1
18unset2
8unset2
5unset2
2unset2
16unset2
Answer is 31
32
4 6 7 11 13 
1 17 
