744487191
325209612
139322703
220119528
254489245
156696497
773506848
777022937
686859859
869843125
154253678
125547098
740554407
786110927
893796391
6355361
353304144
946812321
480237153
805884521
811107221
761335102
528847905
949417658
29741440
817603155
830371993
746986946
326641092
265498829
215303825
887441020
109677885
989738816
248464708
940733040
380348501
49449917
382982959
429901977
972556555
446046054
20807713
933406312
265586974
570322951
339520772
398760845
373702956
92668271
482331048
815734390
390463035
652731699
567442045
245216705
731339143
366737419
927242105
983588320
314285855
521341503
358482839
714965412
971047267
716122022
946332352
141792178
583233977
147647068
468500009
480754080
468500009
73561664
594094843
878143081
176471435
435024146
224671345
592605833
5369683
930264254
119166344
150855310
879788989
181822108
857181124
831479972
428353499
898259203
17197197
197631327
186503176
783003216
447355622
253785138
155839325
608508225
868592785
323527018
491117025
633069784
697278054
996474337
383675200
855421271
898806672
343583096
68856553
706634767
808175872
773479239
567544361
667888712
591560066
632509162
209164546
61908100
968511332
130864780
625347747
213269739
43258836
707828163
501552513
994391777
373401654
17035090
946533548
368392650
63527805
757592114
15202965
902569628
45339713
122998161
866652998
591008473
159863124
869617922
518787918
537803557
333760711
351962717
303838230
709450574
289081942
927907085
445919092
584559515
637284426
927276784
837741702
911149472
611861736
986467630
826702228
538427264
647757337
556907163
493219917
302210659
674401341
988714938
606855021
34391692
935544337
955884303
539699355
746977866
624011151
173872380
745367610
938828805
394380150
425703222
170604410
758477897
574638843
740554407
693819017
909276644
374211141
624791648
775801333
511180804
231889237
741102792
187364580
498517795
749724949
664851642
209909736
775183053
544646945
462335524
224705857
27084193
215209593
615572678
702152156
707522863
680054321
136355009
782881043
755772796
761211000
25894136
807133227
314582959
873796671
609838926
76913343
354586338
312632905
340566601
721200043
862137427
490977608
696667546
879563319
926283484
236314536
783872681
575287387
626069268
709137252
1521314
826504731
927092031
309833169
971398460
850161120
655947709
656786380
239557286
194688514
337775605
56849546
493442447
943225353
674172433
467942772
932912654
143246503
163349132
159698038
794719235
200540335
362976423
9235801
528847905
748991347
655033275
292009226
153052245
804459144
455321662
884205668
833928167
463502824
94198679
990415221
921871120
497494130
284697756
234598526
470479199
849163485
897286251
332311090
547117360
514103866
927092031
302210659
874893031
50423949
173745081
997896567
717401815
160690024
238074241
6112845
793024640
935985121
468698391
28312648
975854881
210613438
90128254
458226378
655805180
673769081
27852453
721764151
225981111
950422912
740611987
185430927
645519090
652808549
238556704
25269468
927491342
385589023
24911847
374927040
103757057
696013224
686945516
44256452
789749498
344349491
858863603
52724191
213432303
808167422
251559871
122380953
653183528
68829652
221629644
21695387
40805228
120040090
526861817
195547805
425467107
77140321
751722145
247298599
530593115
807013614
492929257
34098049
373039540
86967674
930336326
482661534
400822355
508755999
996108736
332311090
776596475
891714072
790485041
361042996
877496918
302291320
480412029
851904296
145458301
473907360
948108950
146625973
209274547
976353328
28925569
254779984
324286559
957668666
608947295
308359188
124432309
617732699
609696123
320320896
234903322
302934236
508736834
324389279
880939370
667653884
430611415
826345516
257447128
374211141
361423059
648677670
726506122
366593892
574938921
644277962
810056011
795356278
405631026
178337450
3309699
82418891
269782224
124464258
8563327
348962216
442693799
605122301
639040030
16543606
826398206
238536050
351240027
230092435
434627037
729563125
692344597
482814787
494763284
382984285
915403185
106812370
954392866
537138308
670789101
246111540
826398206
794198940
797132578
407143717
585589784
583027841
152937565
144396681
528108117
481008238
659365250
384274238
188001868
921784126
917083393
912451976
847186487
599531328
383406368
518124396
843656818
802038280
526356507
290963973
101733880
200540335
467627997
605733738
723848920
405950813
454419588
701272510
500465514
984058762
573515665
478391531
200811395
520945943
494719249
573994779
751356121
219027006
313241283
422451978
346946817
604367451
743290960
175221378
206684067
997687042
547490766
420217160
536941761
559165519
194851275
965601878
474911548
348232512
15169007
446666931
552363686
800204877
434100947
739519086
357457784
721301170
811921919
653061216
265483250
137437275
311483034
670692594
11750626
316206321
738231594
789457249
646732196
88845817
108712971
31249655
173189934
184236553
496922959
883211532
893856804
207346858
400142730
96573635
187364580
594112797
312435377
721301170
312755934
969973399
596065292
660243437
591180379
655560436
74823752
868520202
159637892
8909821
734189966
81461029
364384453
511920931
899233218
593282890
697955205
938711081
790130020
347056456
698938667
172465174
559092023
249983772
405937922
384988479
218975274
246410974
916494863
797443143
988183285
55128272
494180400
5858560
886529614
471057326
738570941
568746184
796030891
124921807
49144067
549429480
118903808
616888890
200398789
832747595
812569007
819628367
721026450
520606541
87415946
348879270
948108950
357572984
806899453
698783794
907156367
382450017
284446805
364559030
804914558
82446479
643161969
392095314
773160527
448065581
74389586
102332859
153265833
312474931
385374255
481084196
69129696
832471826
571302022
602838636
343297491
798854749
752440889
828667011
583345477
576804820
277894736
589777524
755325467
310547308
655213473
308162762
125547098
323527018
19710793
802167299
35890660
738386486
769409202
323009460
801845977
175945309
940874464
714965412
312632905
676790294
86736594
574604773
365762415
234954396
192293953
670851642
530226279
49382050
605518148
988183285
559269950
339475832
266980609
604381434
763619637
745555180
100634840
646552720
515383495
43852447
308432415
557654413
76642240
184193448
391888522
122998161
252640642
363794928
774790564
927629402
698949691
839450402
580604585
887353457
317724883
392348944
394586067
306541947
696059505
835286925
55916997
523730755
211249283
990486812
572048577
684406018
721656909
542349251
209909736
932552540
120411021
42138026
841024489
129239384
922497515
505026357
562265065
596594837
42440718
12897801
866601007
585593307
802523574
49110038
598409038
761451293
179627209
382072483
733645906
404125327
769073550
282651931
322121751
48663403
995807345
371625089
722310980
1521314
728984192
622434826
893076546
664601762
439234000
370511056
588386322
754103178
31718506
617579896
320191972
989849987
851458716
874998188
398149376
236557239
498839000
410967326
753962543
63093387
859650901
895082075
35783415
356415918
579211405
564656927
905148095
487360244
677792610
862137427
877287790
151316717
907411318
39035364
286838122
135431121
531324960
355831202
379474431
511527613
586874320
342462851
800215645
252334975
278891664
520177978
876744145
866652998
360007204
278729037
232609785
494087219
310306211
53297340
148405587
88907042
474386984
211124232
138508223
564656927
528847905
915217652
660233385
756219110
223855725
612851349
573119600
110097300
557521550
66340480
601808836
757434631
187235097
323111740
558339968
878812855
76851166
977551894
658541463
735751267
512281447
125833872
777435110
988966222
152759760
327031718
698229094
46693139
372675
252734432
130739481
975277759
258543323
377138688
195137148
42499296
298992328
70984126
289208623
225763981
899933782
524472846
95423715
809556394
829769138
258589914
281993839
134240125
992832984
831932645
466275575
785928460
583568407
804038462
896814383
602665715
151484324
192680755
44282893
301871676
611861736
678604133
50401522
775679777
505335784
752707616
843656818
802280572
74268048
82780023
557957827
346953983
339928545
621330690
859539807
686921083
490020933
825403212
583487465
297685986
791628988
626010477
140007631
451653469
744316736
238355292
101389757
868066120
23439930
766293400
243780257
865526991
269496127
644277962
776333983
719605106
997687042
246792349
628644242
297284145
534266560
104334676
350612109
771097374
125615984
834525772
314556615
339063433
236352841
509951737
597905175
336558346
275503711
701351971
206973998
181564075
106212396
563946281
136558103
493219917
250069494
186831571
589011773
518045032
978653852
654326184
139879162
222704437
548375028
278369803
64363878
202862777
479044050
960812585
193810647
951562188
875465123
271164130
291772339
102532951
405541311
554069916
122663683
253901962
66087989
475779745
936704690
373887712
970961822
751887
20143041
719183452
747613529
80169983
948214636
580588087
54731433
555644605
767787397
792903980
590889649
997313587
560679038
19939872
479764453
35337013
154830725
49853822
582907253
146609893
599531328
19418158
80989411
71038596
140894729
410778437
880411337
86672064
457120482
722103568
247687760
693060077
381671598
260773805
674980245
336269670
284343271
930229893
423272188
725563452
860168151
339230307
458226378
837874902
360894183
195137148
84561414
878060161
172527602
160246591
691208160
146500167
870701691
521779197
883211532
703461159
346572201
504558025
959100947
537803557
11877567
604460631
828212873
670543633
780063456
448765972
119916810
139874013
117475496
577582604
597315305
148371597
714924683
625274616
658219213
666918568
105721241
819628367
910475223
123546171
914572077
201905448
362833533
914356185
342541625
593419399
248205207
477014091
864858086
326481426
608054255
224849885
405296695
487068996
265125883
630263339
690780121
781816811
518045032
187024648
529837226
898209491
512152245
768459775
600611483
