98
11 23 789528 45 553541 30 533459 48 485054 23 173109 29 215350 44 826621 68 3050 91 492728 72 143421 50 687005
9 0 -1 80 419379 69 218189 57 981712 97 612763 83 130017 73 710555 72 928291 73 17638
14 1 -1 2 2904 26 867269 28 653516 4 252715 82 706506 19 994949 83 453333 63 313043 31 155594 31 934303 97 712376 30 63328 32 425913
7 2 -1 15 890675 85 304789 60 522686 68 373832 20 425834 18 248617
7 3 -1 31 906996 52 322042 55 665220 41 341973 86 213486 61 835412
14 4 -1 59 747793 94 979802 47 660336 76 710097 50 872353 3 252996 2 278050 10 495011 40 989877 64 674535 94 53418 17 997811 54 186306
12 5 -1 69 520059 51 153275 2 613202 11 334471 69 688302 69 710647 46 883852 16 465626 82 365760 12 138264 32 747319
9 6 -1 46 62949 7 505404 94 571472 72 534569 89 190528 50 62718 17 915875 44 941728
8 7 -1 14 467587 1 530126 11 959819 66 95815 30 214636 62 4513 38 857366
12 8 -1 32 420925 49 171692 94 591171 69 370888 23 704313 79 402557 87 829294 23 804919 80 792724 93 279876 46 785752
14 9 -1 64 936987 38 365084 9 647625 23 806367 5 631233 61 982030 10 916170 68 651899 36 600930 20 798986 74 787582 77 517553 53 252277
10 10 -1 76 697713 60 66249 75 727088 96 332231 51 691313 16 387708 75 387570 51 334055 11 187937
10 11 -1 66 327684 80 519125 5 992726 2 86317 75 26652 39 134158 23 713171 96 476175 86 771206
6 12 -1 27 3033 88 157793 35 385948 44 791631 30 744777
9 13 -1 69 670688 21 690368 78 839851 43 713886 60 185677 56 665417 39 917669 2 377601
10 14 -1 37 930886 59 323286 96 380902 33 602408 63 189168 23 382894 48 211926 78 950880 4 908766
9 15 -1 67 176229 49 452551 41 755936 73 62760 8 960596 29 296630 69 220435 29 664872
9 16 -1 47 202362 67 805732 6 679567 82 522535 38 970072 65 63133 33 568484 50 824656
12 17 -1 7 393584 20 902021 47 34945 79 228794 77 909211 25 161956 47 1171 12 769883 45 796522 70 859963 82 633766
10 18 -1 90 544919 76 569917 24 90032 50 854387 81 571522 15 804899 74 834400 85 328364 30 480129
6 19 -1 23 964443 77 409954 69 434573 62 299853 4 134495
12 20 -1 77 909610 67 473059 48 250262 54 170337 70 60910 57 28828 35 98738 89 154931 35 411556 43 411310 95 831160
8 21 -1 68 328205 72 515797 28 581086 82 78721 70 277883 54 631942 82 971924
7 22 -1 87 664370 16 703729 82 717988 60 460008 81 992734 17 172497
8 23 -1 57 760492 28 117276 3 959708 91 596980 42 634492 82 547889 46 264286
5 24 -1 52 658390 14 363827 85 360099 4 722490
10 25 -1 92 776091 56 308902 59 550399 89 498433 44 880381 51 862802 50 432110 51 895504 8 418557
13 26 -1 30 517721 27 401947 82 734673 75 474976 72 68972 52 830763 20 632563 30 914410 58 939443 24 334107 83 765404 75 724902
8 27 -1 94 763920 50 405989 57 796892 42 916066 48 56618 61 757408 77 398337
16 28 -1 41 298490 70 473730 60 132133 19 858699 47 205057 54 692685 77 199759 89 544918 17 124030 48 626924 84 418816 29 680559 44 829613 84 608944 25 907231
8 29 -1 82 21530 48 875640 72 754116 38 711850 70 434154 60 454328 64 967137
11 30 -1 49 590964 34 575055 56 344234 83 420528 57 938620 18 728802 49 771801 66 71006 70 599174 2 262432
13 31 -1 43 267605 11 688209 28 630443 46 554010 26 806445 91 801173 50 576987 19 141009 69 336956 83 616554 52 713256 14 594861
11 32 -1 11 228458 37 646579 18 180570 49 481884 42 537736 10 777724 38 765135 91 209439 69 992893 26 82050
9 33 -1 49 253414 54 947386 56 58025 90 564045 25 404628 6 899551 75 762508 6 577216
5 34 -1 11 987334 97 510635 66 777377 83 633726
13 35 -1 28 949908 70 448036 79 799631 70 564285 12 691761 55 312086 4 105994 72 191653 6 437685 83 565744 78 970780 48 30386
8 36 -1 2 442062 78 645630 35 785147 4 234140 96 104697 32 758863 87 574882
9 37 -1 7 174232 7 251768 26 921280 77 19540 74 153579 87 727699 51 395738 86 704485
9 38 -1 82 586708 94 845894 23 35021 94 955081 6 99451 11 486766 28 736335 36 638893
15 39 -1 87 621729 59 744729 74 681095 38 811972 46 238046 78 844822 18 390179 62 390279 79 615949 85 315329 52 667123 14 668784 56 930959 66 236448
14 40 -1 0 854538 77 903190 60 796157 88 475776 14 41351 3 419017 97 162035 57 869343 15 563072 72 128223 0 43860 40 53150 66 582315
6 41 -1 58 602726 45 400960 21 190952 24 713861 15 964125
9 42 -1 83 994985 18 848153 15 919591 25 48498 57 115873 16 857344 13 97218 65 366796
13 43 -1 55 888228 94 248626 14 213258 51 35325 66 886059 53 992393 15 276125 16 417719 34 389873 91 149955 5 312851 77 343444
11 44 -1 58 575198 24 530019 11 686248 54 132002 79 152274 33 880226 86 995960 34 946277 94 793078 30 351142
17 45 -1 2 720090 55 110699 33 324176 17 570037 53 637289 63 103124 93 88411 96 852786 27 426576 89 580282 71 541320 44 709433 2 189141 67 861120 1 876229 56 671754
17 46 -1 94 704567 2 402336 26 801961 97 416949 89 639006 77 149517 97 826969 60 857464 1 79342 16 841197 0 321929 72 496746 1 935247 39 611886 29 548226 4 477949
12 47 -1 77 209441 15 439214 74 466127 54 966948 3 613091 2 647227 5 544209 21 528780 53 265375 37 680297 31 446676
10 48 -1 3 616124 71 455306 38 229320 25 709364 22 22924 64 641238 5 819353 41 334779 20 438146
16 49 -1 35 32172 2 26304 30 794583 42 851988 81 581515 73 139563 86 622626 44 629780 69 559277 55 597698 84 720737 23 410399 57 500113 49 918107 68 849492
9 50 -1 43 614769 74 528946 59 372661 96 208324 59 646704 1 307629 22 772603 53 820659
11 51 -1 67 421993 53 999754 85 593499 96 588954 68 293469 46 993018 49 355511 2 272000 44 984200 66 535680
11 52 -1 39 738097 85 219756 85 522071 31 600938 57 209095 86 903566 44 714674 52 449833 14 365914 20 321335
10 53 -1 14 154259 94 582338 83 498976 75 416931 43 580952 0 183332 19 529128 49 598388 54 40403
12 54 -1 85 228444 30 272813 36 495994 37 356620 79 400346 11 501962 22 914800 52 375861 48 481690 70 766422 37 764303
7 55 -1 81 96107 4 753870 97 631287 9 986238 52 243428 24 1642
11 56 -1 9 18456 56 709859 42 663950 48 449291 8 167279 40 190495 46 491982 73 207466 66 483316 4 457716
5 57 -1 94 256190 81 348142 4 224547 77 797756
7 58 -1 12 271232 13 201745 49 980456 21 881423 33 632904 57 496619
10 59 -1 78 313563 74 10569 74 478499 18 352324 5 8693 41 827834 90 126901 4 726230 5 196342
8 60 -1 91 939507 74 887560 62 841123 89 473439 88 163042 82 161002 59 940042
14 61 -1 93 376348 74 133589 43 901063 41 532621 26 197930 51 275444 78 340012 60 980538 76 113236 45 336688 48 615859 39 140186 76 692331
8 62 -1 44 3493 50 897525 34 718902 63 707205 31 116632 35 537945 43 34589
10 63 -1 46 241873 72 997301 13 127828 79 367818 84 55805 28 150323 71 159161 8 645107 32 591002
11 64 -1 14 515434 29 392754 5 657199 18 939811 55 756970 17 155710 37 511804 46 343058 27 953877 88 258051
12 65 -1 88 518149 29 767868 62 533292 18 797565 45 79690 74 413069 87 946550 21 259617 72 442043 90 16228 88 276174
11 66 -1 19 22181 76 10431 94 100669 10 979759 24 976257 92 611410 67 858053 91 339680 2 317458 4 205946
9 67 -1 74 87764 56 276121 43 755422 51 658925 6 934683 53 584523 37 820114 87 46355
15 68 -1 94 418627 34 77888 81 770478 17 275569 32 967857 78 802671 32 519915 57 721386 24 980519 60 488863 66 407458 15 834946 24 150212 11 982346
19 69 -1 22 180540 37 702567 62 987743 22 378130 70 121308 91 488263 77 79421 78 137088 81 68506 80 482339 27 386023 96 816260 96 450052 71 886384 74 412034 4 686227 10 335526 6 496414
11 70 -1 80 573793 43 146081 65 898506 96 228398 52 392735 55 560997 58 255825 63 153674 54 623446 44 997946
9 71 -1 3 455736 66 100545 7 783898 52 790417 53 723382 64 578341 2 374759 59 642738
17 72 -1 34 570492 89 144500 38 746139 94 138377 96 66342 23 191309 33 423919 8 786742 89 408437 78 705360 76 662880 33 259683 31 201937 57 104896 85 208466 90 140492
10 73 -1 22 39021 12 277217 2 110991 16 101360 56 510539 44 253510 64 443203 13 605807 30 61770
10 74 -1 87 725218 58 312496 77 463633 43 799752 2 187134 84 870461 22 181467 77 201114 64 707074
12 75 -1 25 493451 93 617505 18 994984 18 768825 60 631541 74 505904 18 497683 15 989944 25 879552 61 960250 22 266994
15 76 -1 56 140795 59 346491 12 40743 38 122573 6 372555 9 273679 87 953666 18 649718 77 974802 43 754098 90 144854 36 601485 48 278674 37 805545
12 77 -1 39 469786 9 668850 97 756851 40 19593 35 695568 75 993446 73 564428 22 683397 57 502533 88 604139 81 644696
17 78 -1 35 313750 19 908538 45 720504 33 914653 55 97487 32 629391 83 740435 61 475883 48 7057 13 736906 18 630960 19 112711 72 617546 58 15033 64 798817 12 217934
9 79 -1 43 960378 65 784812 16 304465 28 352160 42 169939 33 570003 79 472515 16 600361
9 80 -1 84 28624 61 142618 11 299708 27 668775 26 485213 39 873165 70 943880 71 340947
17 81 -1 45 366143 48 308542 96 730690 18 226057 9 591281 97 264029 22 634316 45 596534 45 618834 37 203759 89 377470 0 75704 75 424260 47 704485 84 513271 40 341138
9 82 -1 64 196431 11 77375 24 644428 51 252481 73 534319 88 211983 2 110911 82 753319
11 83 -1 92 947739 18 706887 27 125849 31 587665 22 598089 14 43320 90 600769 69 257755 17 768482 64 935695
10 84 -1 4 829150 57 745691 91 692377 8 720897 62 272000 15 583958 7 384795 68 869906 74 114526
7 85 -1 4 532036 74 739299 56 785905 53 306616 78 545190 33 686974
12 86 -1 62 311705 50 910253 13 495343 76 41805 73 274570 18 959156 84 682751 80 845520 75 762111 85 628447 9 785506
10 87 -1 88 698586 48 639529 13 690360 26 56552 32 806732 35 272379 82 337242 10 78408 70 511154
14 88 -1 92 195746 72 202900 15 266761 51 804289 11 937457 18 914693 5 291499 47 794057 7 135236 77 43682 32 835733 4 537283 29 234956
4 89 -1 50 539390 31 454154 38 184680
10 90 -1 22 192379 8 53959 88 552063 74 766496 49 386966 41 785490 17 565220 86 288709 19 760186
8 91 -1 79 327814 37 976505 24 941062 42 887660 80 868448 44 217043 54 450250
12 92 -1 11 36029 64 903881 80 740049 29 290596 70 561041 23 712350 14 446912 24 288820 56 349144 72 703447 20 253681
18 93 -1 6 165193 20 206725 31 290071 90 245975 83 550253 29 333378 32 152433 91 918184 37 292538 29 273378 35 444584 84 813605 53 844049 41 341089 74 162069 23 426701 12 1379
11 94 -1 83 401255 26 499336 70 367770 36 744263 81 287639 8 574887 21 146790 36 707775 51 540637 80 919358
11 95 -1 79 133069 12 95060 20 487770 12 37525 52 252833 32 73990 89 678155 81 325554 54 545820 13 636010
15 96 -1 5 174067 69 774548 8 465002 59 806773 87 436157 28 232676 76 765595 92 399826 9 633179 48 159999 52 403454 37 486946 14 756387 14 586311
10
97 0
97 0
97 0
97 0
97 0
97 0
97 0
97 0
97 0
97 0
