999 1501
929 933
699 801
193 536
633 824
321 875
386 717
480 669
26 380
872 941
647 719
943 991
190 327
583 868
622 969
981 982
551 657
701 731
578 594
407 949
957 962
697 890
94 309
918 922
662 849
3 826
342 673
543 940
579 720
844 884
743 822
893 945
356 544
961 993
104 427
897 924
160 358
920 992
766 803
783 802
694 710
551 709
589 937
294 791
935 994
351 917
153 467
989 990
467 848
458 945
96 588
634 929
738 882
736 790
944 993
170 558
804 811
252 536
971 989
809 815
861 871
157 865
598 926
215 642
848 899
675 955
449 781
198 644
856 983
587 732
308 747
44 802
312 573
67 570
828 840
421 689
470 983
390 507
775 924
436 874
907 924
397 753
469 664
165 982
319 333
76 401
67 234
720 864
273 500
105 565
107 744
374 520
52 153
5 296
814 901
775 841
453 669
923 960
212 228
75 536
37 628
722 959
400 835
102 277
785 950
970 971
741 951
938 983
637 757
581 621
120 439
897 912
147 761
679 871
825 967
935 977
145 314
25 947
604 961
603 788
38 172
26 168
981 988
376 412
875 968
265 481
242 432
157 801
479 581
221 722
153 827
503 974
33 120
705 921
925 953
29 867
63 92
847 885
877 902
291 788
867 998
874 905
161 665
513 631
398 910
32 344
573 904
667 716
781 879
845 937
660 971
975 978
483 609
668 763
194 518
115 510
129 668
342 907
991 993
108 944
215 544
449 486
349 711
48 933
986 996
102 246
779 964
418 768
336 637
350 602
730 854
448 813
975 991
908 913
183 549
945 968
765 827
936 973
539 672
470 621
556 812
216 330
751 834
766 985
641 829
266 314
75 805
11 64
139 539
716 957
856 996
47 914
118 819
123 305
585 734
603 717
438 727
859 903
816 817
981 990
868 899
420 570
592 963
365 838
317 390
539 990
567 642
946 966
658 970
487 702
958 965
159 843
870 898
139 636
978 998
885 911
405 901
447 542
289 821
813 973
795 996
987 988
148 617
993 996
7 384
481 748
899 911
261 852
967 997
151 414
459 543
946 959
831 925
549 676
863 949
504 660
17 892
456 549
169 325
259 265
564 986
192 413
109 950
163 524
117 724
105 246
250 262
446 759
14 755
16 481
798 848
658 880
373 386
737 943
45 437
334 979
397 483
9 831
358 360
699 860
767 859
504 518
316 900
342 949
866 900
114 602
342 790
893 956
441 567
585 591
843 847
259 289
523 824
981 994
470 942
181 947
953 980
476 735
501 796
671 961
392 725
934 965
241 670
423 975
833 915
420 645
297 550
123 899
348 764
193 895
994 997
269 786
571 593
799 925
587 747
455 679
845 883
235 515
949 997
535 552
533 675
626 840
22 649
983 989
132 311
758 872
622 945
943 992
483 652
194 195
362 514
454 618
624 900
207 892
665 799
588 896
106 238
258 932
738 930
394 783
79 998
461 704
965 969
148 620
12 244
797 909
286 966
195 900
926 956
757 932
756 841
596 839
868 916
501 503
662 780
430 694
519 750
641 936
219 786
303 478
317 628
436 835
719 866
690 866
191 855
949 957
786 956
953 978
380 436
797 812
512 601
570 847
708 749
602 740
550 622
191 380
349 637
921 954
25 76
905 959
582 812
496 761
485 974
309 942
720 802
10 447
380 934
823 919
763 883
20 275
765 826
46 367
936 990
644 692
129 292
135 635
599 834
220 221
806 902
689 734
423 594
330 601
773 929
551 694
897 952
175 937
638 757
626 688
741 855
342 989
988 992
918 949
146 512
647 917
770 819
524 894
537 755
89 704
600 792
725 932
902 930
521 932
905 947
5 745
783 945
993 997
421 848
832 888
517 870
928 965
19 553
918 944
743 839
859 992
767 807
959 986
830 994
2 222
777 810
485 686
46 568
171 758
851 880
767 967
964 982
412 443
342 636
809 881
388 864
842 868
476 919
529 785
606 877
320 580
678 793
601 886
952 972
497 637
785 875
982 993
358 890
747 811
280 864
140 300
134 722
782 877
32 558
436 839
413 948
763 869
105 404
354 663
333 913
309 883
580 840
637 859
101 102
625 841
813 867
813 967
983 997
467 969
809 861
716 721
359 371
558 943
646 673
154 617
111 314
179 507
74 345
164 720
699 744
946 988
15 20
849 975
59 461
440 453
513 571
716 785
725 898
437 906
698 935
101 442
146 374
599 830
302 448
199 730
58 61
880 980
78 592
711 804
550 629
411 513
809 985
180 430
848 852
271 809
152 470
645 737
447 573
748 907
810 936
114 212
593 631
664 744
614 764
91 464
179 911
769 845
782 961
178 724
706 928
539 888
320 801
683 888
982 984
426 597
619 628
567 575
539 765
746 880
557 961
666 906
619 827
170 959
108 609
826 981
190 379
94 981
335 876
938 971
799 828
258 785
460 517
436 726
9 786
948 978
836 863
570 704
315 929
382 852
111 431
205 830
653 871
935 993
675 826
706 870
440 628
383 861
464 799
930 989
797 908
367 501
662 707
196 801
785 943
47 177
298 343
482 632
640 921
209 758
595 997
763 904
341 397
662 861
617 643
634 718
532 752
610 799
821 932
737 918
58 162
113 372
906 970
606 843
580 975
609 796
384 464
458 737
783 939
939 943
156 926
321 991
140 960
607 803
182 699
848 912
883 949
811 834
924 932
647 672
887 912
966 974
606 719
362 428
4 157
43 567
304 737
11 911
631 782
312 559
124 897
309 333
421 738
223 254
903 982
103 997
187 730
666 684
791 861
183 676
827 960
641 738
685 746
645 871
628 950
964 984
882 888
380 835
590 993
792 840
578 991
27 935
735 876
772 775
732 900
108 544
146 681
40 71
342 957
616 784
374 930
666 952
653 870
156 639
309 435
40 932
421 736
453 623
850 913
60 146
72 448
774 852
376 398
1 654
567 941
308 968
740 940
521 900
542 926
475 986
908 965
241 693
438 561
324 529
315 851
442 595
5 993
369 957
982 995
333 384
396 616
835 939
202 294
259 686
410 478
123 837
318 340
984 989
538 755
788 820
252 871
251 622
490 925
499 847
397 686
845 878
258 596
241 784
911 991
40 146
116 383
537 685
888 972
366 705
376 464
420 455
727 901
695 884
45 957
513 762
691 927
553 595
380 488
979 991
822 912
384 666
619 840
754 766
129 930
616 764
152 885
39 227
36 929
767 917
750 975
619 646
553 802
789 849
108 538
116 495
147 956
481 496
90 318
763 994
94 679
319 597
230 568
19 837
587 761
426 441
590 605
293 437
543 894
748 822
207 287
100 368
188 669
895 979
48 938
273 860
849 994
717 980
865 907
68 154
161 321
598 947
578 844
873 998
522 728
809 878
817 935
883 977
835 867
175 793
194 882
223 698
149 894
718 734
791 927
513 944
640 703
446 720
732 972
833 876
581 943
334 825
183 876
299 987
59 763
525 991
308 700
292 663
915 959
746 764
50 940
318 559
194 230
55 168
825 839
255 669
358 412
181 278
517 572
930 961
600 919
833 928
109 920
671 826
709 977
778 990
528 815
473 891
994 996
502 741
182 464
494 498
208 280
458 800
779 927
283 528
855 862
475 850
459 799
626 942
181 504
630 649
467 562
421 958
684 769
85 517
303 839
95 480
526 831
888 985
418 660
334 455
149 350
427 799
473 822
373 718
330 756
141 361
558 658
587 814
780 869
748 808
629 815
897 901
525 551
720 809
373 481
699 715
796 916
421 937
813 901
143 535
569 741
204 533
678 746
847 877
561 945
613 926
500 707
693 971
318 592
185 815
213 927
42 972
123 217
33 652
748 827
620 805
265 704
646 919
357 837
417 627
265 934
694 763
946 954
335 338
787 958
461 894
659 823
591 753
759 847
71 363
510 614
222 239
978 983
405 477
354 956
783 954
879 993
706 793
579 807
820 858
224 786
899 985
713 824
709 956
814 930
593 791
904 917
323 751
48 850
611 702
561 630
701 780
239 665
570 920
28 241
566 761
380 842
605 992
309 847
979 984
558 840
996 998
927 981
100 842
523 786
118 799
559 833
206 223
27 290
79 390
328 856
54 954
49 693
437 704
926 980
324 906
366 625
720 921
225 982
82 320
444 867
566 858
989 993
130 249
879 920
385 971
542 883
375 609
583 850
217 851
135 631
176 760
133 687
918 927
869 883
25 691
516 543
163 681
354 603
183 519
81 868
148 323
765 934
95 847
189 215
33 411
599 882
403 965
147 863
210 830
755 878
551 754
118 478
642 734
501 800
837 955
244 407
432 604
165 505
204 240
569 680
714 842
44 453
425 734
942 972
335 731
844 877
318 949
114 856
929 953
429 471
822 916
495 634
75 94
870 909
743 771
427 606
514 970
10 225
94 883
366 737
826 833
638 908
661 789
282 637
292 898
302 878
958 970
62 655
131 842
899 990
438 786
485 592
994 995
961 990
445 514
332 473
195 970
62 461
378 957
316 406
47 320
995 996
295 380
738 967
521 735
718 982
693 956
524 619
644 883
59 465
404 980
16 776
619 728
327 661
554 946
427 601
145 292
551 878
622 799
546 603
906 928
863 944
400 552
605 844
567 617
610 925
49 376
590 641
959 994
117 181
955 972
860 904
535 861
940 979
691 819
867 926
146 358
461 813
619 642
90 916
557 886
320 325
823 862
493 861
292 379
840 846
587 983
591 764
12 450
55 268
931 973
102 494
521 799
26 278
639 752
589 718
711 904
731 774
521 849
195 837
63 801
735 859
169 465
193 877
914 946
364 728
159 492
245 862
755 881
552 581
568 835
235 466
720 780
434 490
552 916
168 319
483 919
692 889
897 985
401 822
341 355
979 988
171 812
151 844
323 543
453 868
250 859
954 976
988 989
693 817
83 901
354 666
869 940
751 756
84 392
673 819
211 262
885 964
103 728
599 608
660 678
406 799
936 994
415 466
755 955
147 844
916 981
38 399
815 903
703 799
706 726
164 432
394 653
880 941
93 197
594 750
540 779
198 346
915 951
709 728
710 788
260 631
556 776
546 586
852 886
170 895
841 921
236 657
552 597
713 885
288 845
933 988
182 935
192 945
852 965
354 912
101 411
370 730
415 783
457 666
954 990
681 825
407 703
821 916
719 876
171 899
641 831
466 490
286 852
710 901
503 817
417 662
369 558
187 816
388 777
622 684
191 697
663 915
894 981
84 263
833 862
236 574
948 960
956 976
603 942
870 938
595 803
392 617
262 705
389 989
94 889
973 982
83 638
256 269
977 988
857 896
134 255
442 491
756 896
172 315
442 765
722 746
919 997
890 958
591 806
775 975
148 821
144 412
498 511
782 872
988 997
240 524
415 457
948 963
407 477
680 908
490 770
22 699
946 962
751 928
283 444
374 892
59 479
634 708
192 781
460 624
67 602
38 202
368 979
112 665
377 572
360 916
782 849
766 767
400 615
376 559
472 491
848 903
289 731
765 854
50 586
46 779
22 957
441 972
351 375
413 589
396 476
424 832
670 705
633 875
798 858
125 825
892 980
557 736
698 788
378 639
583 628
166 534
138 388
539 584
751 789
423 701
389 784
441 855
880 922
365 841
997 998
504 934
161 243
663 823
514 526
176 459
377 837
635 985
570 986
208 907
213 583
124 294
600 782
516 892
315 838
611 772
919 993
478 929
379 959
20 880
598 793
337 891
80 898
534 835
32 182
413 476
931 970
669 780
32 735
862 870
120 530
957 959
957 979
463 575
189 211
702 900
733 829
703 802
3 205
454 855
366 803
712 860
69 622
567 595
924 977
443 867
960 964
328 426
43 521
994 998
825 828
600 656
647 962
344 891
670 920
593 784
524 668
822 985
940 957
523 526
574 873
0 642
170 394
47 75
990 991
73 516
16 813
970 972
845 858
857 921
425 465
277 463
81 85
961 980
671 863
155 684
116 480
489 965
35 145
389 938
640 896
119 862
911 995
884 952
593 926
715 895
77 366
496 864
165 204
492 608
849 954
138 455
957 977
956 982
184 411
880 982
856 955
895 900
106 824
984 985
227 489
268 684
796 943
304 433
212 633
152 883
572 683
334 931
160 946
101 271
73 299
303 685
933 980
913 914
47 270
92 291
582 614
836 858
21 642
44 779
212 860
585 690
471 702
62 242
306 524
60 791
268 450
921 970
112 754
568 799
459 840
514 723
671 964
70 632
180 827
949 993
110 994
893 934
800 949
198 282
866 985
618 949
967 977
803 936
956 971
572 877
33 642
954 968
247 635
222 418
285 343
467 821
27 819
576 612
794 907
2 165
556 987
898 929
8 429
292 625
886 941
605 811
974 987
335 650
179 605
874 930
215 603
676 762
420 852
660 929
518 581
208 766
682 709
880 944
918 938
463 848
150 897
697 790
242 374
703 961
265 510
83 392
442 722
114 568
635 829
996 997
756 899
621 687
621 883
61 298
526 875
264 614
179 489
776 990
933 943
745 783
385 729
372 899
712 727
112 412
403 924
216 984
116 609
210 641
69 960
16 339
477 957
48 519
163 848
202 678
82 782
74 231
645 881
713 909
403 715
302 986
22 133
199 526
314 697
588 937
898 914
248 663
134 769
611 910
506 676
384 691
132 545
821 899
220 811
779 981
793 943
776 939
587 958
661 678
346 755
868 944
43 322
737 925
588 659
203 351
687 958
599 955
298 703
91 254
752 809
350 568
184 191
766 821
277 444
383 469
603 704
606 703
558 901
966 993
978 992
289 966
64 125
737 789
936 943
459 546
465 876
593 656
187 436
739 912
681 703
378 879
917 975
