0 10 8 4
1 9 7 3
4 6 4 6
6 4 2 4
3 7 5 1
10 0 6 8
8 6 0 6
4 8 6 0
9 7 1 7
[1-1]01111
[1-2]11101
[1-3]10000
[1-4]10000
[1-5]10000
[1-6]10000
[1-7]10000
[1-8]10000
[1-9]10000
[2-1]10010
[2-2]01111
[2-3]11100
[2-4]10000
[2-5]11101
[2-6]10000
[2-7]10000
[2-8]10000
[2-9]10000
[3-1]10000
[3-2]10011
[3-3]01111
[3-4]11101
[3-5]10000
[3-6]10000
[3-7]10000
[3-8]10000
[3-9]11000
[4-1]10000
[4-2]10000
[4-3]10010
[4-4]01111
[4-5]10011
[4-6]11110
[4-7]11000
[4-8]10000
[4-9]10000
[5-1]10000
[5-2]10010
[5-3]10000
[5-4]11100
[5-5]01111
[5-6]10000
[5-7]10000
[5-8]11011
[5-9]10000
[6-1]10000
[6-2]10000
[6-3]10000
[6-4]10001
[6-5]10000
[6-6]01111
[6-7]10000
[6-8]10000
[6-9]10000
[7-1]10000
[7-2]10000
[7-3]10000
[7-4]10111
[7-5]10000
[7-6]10000
[7-7]01111
[7-8]10000
[7-9]11010
[8-1]10000
[8-2]10000
[8-3]10000
[8-4]10000
[8-5]10100
[8-6]10000
[8-7]10000
[8-8]01111
[8-9]10000
[9-1]10000
[9-2]10000
[9-3]10000
[9-4]10000
[9-5]10000
[9-6]10000
[9-7]10101
[9-8]10000
[9-9]01111
0
