20295
20375
20351
20351
20349
20297
20297
20353
20310
20310
20346
20346
20346
20346
20345
20322
20322
20322
20327
20354
20354
20454
20455
20544
20588
20595
20595
20595
20691
20730
20778
20778
20795
20724
20724
20724
20734
20736
20736
20706
20611
20608
20608
20667
20607
20633
20633
20633
20625
20635
20682
20598
20574
20505
20505
20505
20509
20456
20456
20457
20486
20486
20549
20549
20605
20605
20612
20612
20626
20598
20578
20581
20581
20654
20585
20585
20585
20655
20666
20666
20677
20671
20622
20622
20622
20622
20622
20589
20614
20614
20614
20605
20605
20605
20605
20605
20556
20618
20618
20581
20581
20581
20565
20500
20529
20529
20584
20672
20682
20723
20723
20723
20723
20723
20669
20728
20728
20659
20566
20566
20566
20559
20528
20548
20548
20555
20542
20542
20542
20542
20510
20522
20465
20368
20368
20359
20359
20359
20359
20359
20376
20376
20376
20376
20425
20425
20359
20328
20258
20275
20275
20275
20186
20166
20208
20251
20251
20226
20235
20288
20288
20358
20350
20357
20357
20317
20317
20349
20361
20361
20361
20377
20361
20355
20355
20432
20432
20432
20494
20511
20511
20522
20522
20575
20575
20561
20538
20538
20604
20604
20569
20569
20600
20600
20600
20577
20577
20577
20577
20609
20609
20609
20666
20666
20624
20591
20558
20566
20566
20566
20566
20566
20566
20566
20556
20572
20572
20484
20484
20484
20487
20487
20487
20487
20487
20451
20432
20461
20461
20456
20544
20516
20572
20512
20512
20512
20510
20510
20510
20468
20467
20467
20467
20467
20467
20559
20559
20534
20540
20540
20513
20539
20539
20493
20493
20493
20493
20537
20537
20522
20572
20572
20593
20588
20626
20533
20522
20537
20523
20523
20523
20523
20561
20561
20500
20500
20500
20453
20477
20403
20403
20403
20403
20367
20426
20426
20426
20426
20426
20426
20425
20359
20412
20442
20477
20477
20471
20442
20459
20389
20389
20378
20379
20379
20379
20360
20442
20442
20400
20461
20469
20469
20469
20469
20469
20469
20407
20434
20434
20335
20380
20380
20330
20330
20361
20360
20360
20329
20329
20329
20329
20322
20322
20239
20185
20207
20238
20238
20238
20238
20191
20140
20134
20134
20134
20165
20165
20165
20189
20250
20250
20169
20228
20228
20228
20160
20160
20200
20143
20223
20217
20217
20217
20187
20187
20170
20170
20258
20258
20164
20124
20200
20244
20244
20244
20212
20212
20185
20180
20168
20132
20084
20099
20164
20164
20139
20220
20220
20220
20172
20111
20111
20111
20114
20114
20083
20083
20083
19987
19987
19955
19955
19955
19973
19973
19960
19960
19960
20019
20005
20103
20078
20006
19972
19972
19972
19912
19863
19876
19876
19876
19844
19844
19901
19901
19901
19901
19890
19890
19890
19890
19851
19781
19781
19799
19799
19799
19799
19799
19799
19799
19832
19839
19754
19663
19653
19592
19669
19669
19604
19647
19647
19622
19681
19681
19681
19681
19681
19681
19776
19776
19859
19854
19803
19803
19803
19824
19824
19824
19853
19853
19863
19858
19879
19891
19917
19887
19887
19859
19845
19845
19813
19813
19807
19807
19807
19906
19955
19955
19955
19899
19899
19927
19863
19863
19939
19908
19908
19989
19989
20070
20089
20101
20168
20168
20230
20230
20230
20230
20294
20303
20383
20453
20453
20502
20564
20564
20564
20564
20564
20509
20531
20531
20531
20504
20501
20428
20442
20442
20442
20529
20529
20529
20558
20558
20558
20627
20571
20571
20571
20596
20596
20547
20609
20609
20612
20612
20639
20610
20610
20628
20661
20661
20661
20661
20585
20585
20585
20585
20585
20585
20585
20681
20687
20696
20696
20651
20651
20651
20695
20695
20677
20681
20691
20755
20739
20828
20828
20906
20811
20811
20811
20864
20840
20840
20840
20922
20922
20865
20865
20818
20885
20912
20971
20945
20870
20874
20946
20946
20878
20878
20972
20972
20915
20915
20915
20948
20948
20873
20849
20823
20823
20823
20823
20858
20895
20895
20828
20740
20737
20736
20677
20677
20677
20677
20587
20587
20532
20532
20601
20601
20601
20601
20559
20621
20656
20584
20584
20667
20667
20667
20711
20615
20602
20658
20595
20595
20595
20612
20612
20577
20577
20611
20619
20619
20608
20632
20632
20632
20632
20632
20607
20607
20655
20655
20655
20655
20672
20685
20719
20705
20707
20652
20647
20647
20647
20577
20577
20612
20606
20606
20591
20591
20591
20591
20591
20552
20552
20555
20555
20555
20555
20555
20555
20555
20555
20573
20564
20564
20564
20492
20492
20504
20495
20477
20442
20445
20442
20442
20496
20484
20484
20484
20471
20418
20418
20455
20434
20434
20339
20266
20263
20362
20362
20293
20331
20310
20406
20345
20336
20336
20435
20435
20528
20567
20567
20561
20561
20575
20575
20575
20559
20559
20559
20550
20550
20550
20486
20486
20486
20486
20464
20464
20485
20485
20539
20576
20598
20598
20598
20598
20644
20621
20621
20599
20599
20617
20673
20673
20631
20631
20631
20642
20635
20635
20644
20652
20652
20652
20652
20652
20625
20625
20625
20666
20666
20712
20674
20646
20691
20753
20824
20824
20785
20785
20785
20785
20785
20840
20840
20829
20789
20828
20828
20828
20766
20766
20766
20740
20683
20688
20643
20609
20650
20665
20665
20696
20696
20686
20642
20655
20655
20655
20599
20617
20531
20546
20546
20554
20621
20621
20639
20639
20639
20639
20577
20577
20577
20628
20628
20628
20530
20448
20448
20452
20452
20452
20412
20423
20378
20378
20338
20314
20314
20328
20328
20328
20298
20298
20298
20298
20301
20301
20301
20393
20297
20297
20216
20151
20183
20121
20101
20101
20088
20003
19911
19828
19828
19828
19828
19862
19829
19751
19751
19751
19751
19751
19747
19722
19722
19789
19798
19852
19852
19852
19851
19865
19865
19959
19960
19960
19960
19960
19960
19960
19960
19960
19960
20010
20037
20037
20038
19958
19905
19920
19967
19967
19990
19990
19990
20014
20007
20001
20001
20003
20003
19976
19924
19899
19922
19985
19909
19909
19909
19988
19988
19990
19988
19935
20002
20002
20016
20049
20049
20069
20081
20081
20083
20083
20183
20140
20096
20071
20045
20040
19958
19943
19943
19886
19886
19886
19934
19930
19895
19911
19911
19911
19911
19911
19911
19949
19970
19984
20060
20060
20130
20095
20095
20116
20079
20079
20079
20079
20079
20081
20050
20023
20083
20086
20086
20101
20101
20193
20218
20171
20182
20182
20182
20182
20167
